<html>
<head>
<title>TestNG:  Default test</title>
<link href="../testng.css" rel="stylesheet" type="text/css" />
<link href="../my-testng.css" rel="stylesheet" type="text/css" />

<style type="text/css">
.log { display: none;} 
.stack-trace { display: none;} 
</style>
<script type="text/javascript">
<!--
function flip(e) {
  current = e.style.display;
  if (current == 'block') {
    e.style.display = 'none';
    return 0;
  }
  else {
    e.style.display = 'block';
    return 1;
  }
}

function toggleBox(szDivId, elem, msg1, msg2)
{
  var res = -1;  if (document.getElementById) {
    res = flip(document.getElementById(szDivId));
  }
  else if (document.all) {
    // this is the way old msie versions work
    res = flip(document.all[szDivId]);
  }
  if(elem) {
    if(res == 0) elem.innerHTML = msg1; else elem.innerHTML = msg2;
  }

}

function toggleAllBoxes() {
  if (document.getElementsByTagName) {
    d = document.getElementsByTagName('div');
    for (i = 0; i < d.length; i++) {
      if (d[i].className == 'log') {
        flip(d[i]);
      }
    }
  }
}

// -->
</script>

</head>
<body>
<h2 align='center'>Default test</h2><table border='1' align="center">
<tr>
<td>Tests passed/Failed/Skipped:</td><td>26/6/0</td>
</tr><tr>
<td>Started on:</td><td>Wed Oct 04 20:18:05 IST 2023</td>
</tr>
<tr><td>Total time:</td><td>3664 seconds (3664534 ms)</td>
</tr><tr>
<td>Included groups:</td><td></td>
</tr><tr>
<td>Excluded groups:</td><td></td>
</tr>
</table><p/>
<small><i>(Hover the method name to see the test class name)</i></small><p/>
<table width='100%' border='1' class='invocation-failed'>
<tr><td colspan='4' align='center'><b>FAILED TESTS</b></td></tr>
<tr><td><b>Test method</b></td>
<td><b>Attribute(s)</b></td>
<td width="30%"><b>Exception</b></td>
<td width="10%"><b>Time (seconds)</b></td>
<td><b>Instance</b></td>
</tr>
<tr>
<td title='org.testRunner.TestRunner.runScenario()'><b>runScenario</b><br>Test class: org.testRunner.TestRunner<br>Test method: Runs Cucumber Scenarios<br>Parameters: "Card Carousel Block Page Header section & cardcarousalblockvalidation", "card carousel block page validation"</td>
<td><div><pre>org.openqa.selenium.ElementNotInteractableException: Element &lt;span class=&quot;whitespace-nowrap&quot;&gt; could not be scrolled into view
Build info: version: &apos;3.141.59&apos;, revision: &apos;e82be7d358&apos;, time: &apos;2018-11-14T08:17:03&apos;
System info: host: &apos;VSPLBLRLT0703&apos;, ip: &apos;192.168.1.5&apos;, os.name: &apos;Windows 10&apos;, os.arch: &apos;amd64&apos;, os.version: &apos;10.0&apos;, java.version: &apos;17.0.5&apos;
Driver info: org.openqa.selenium.firefox.FirefoxDriver
Capabilities {acceptInsecureCerts: true, browserName: firefox, browserVersion: 118.0.1, javascriptEnabled: true, moz:accessibilityChecks: false, moz:buildID: 20230927232528, moz:geckodriverVersion: 0.33.0, moz:headless: false, moz:platformVersion: 10.0, moz:processID: 7300, moz:profile: C:\Users\BHUVAN~1.T\AppData..., moz:shutdownTimeout: 60000, moz:webdriverClick: true, moz:windowless: false, pageLoadStrategy: normal, platform: WINDOWS, platformName: WINDOWS, proxy: Proxy(), setWindowRect: true, strictFileInteractability: false, timeouts: {implicit: 0, pageLoad: 300000, script: 30000}, unhandledPromptBehavior: dismiss and notify}
Session ID: 5eb66150-14b1-4bd6-ba55-dd0abf53b332
	at java.base/jdk.internal.reflect.NativeConstructorAccessorImpl.newInstance0(Native Method)
	at java.base/jdk.internal.reflect.NativeConstructorAccessorImpl.newInstance(NativeConstructorAccessorImpl.java:77)
	at java.base/jdk.internal.reflect.DelegatingConstructorAccessorImpl.newInstance(DelegatingConstructorAccessorImpl.java:45)
	at java.base/java.lang.reflect.Constructor.newInstanceWithCaller(Constructor.java:499)
	at java.base/java.lang.reflect.Constructor.newInstance(Constructor.java:480)
	at org.openqa.selenium.remote.http.W3CHttpResponseCodec.createException(W3CHttpResponseCodec.java:187)
	at org.openqa.selenium.remote.http.W3CHttpResponseCodec.decode(W3CHttpResponseCodec.java:122)
	at org.openqa.selenium.remote.http.W3CHttpResponseCodec.decode(W3CHttpResponseCodec.java:49)
	at org.openqa.selenium.remote.HttpCommandExecutor.execute(HttpCommandExecutor.java:158)
	at org.openqa.selenium.remote.service.DriverCommandExecutor.execute(DriverCommandExecutor.java:83)
	at org.openqa.selenium.remote.RemoteWebDriver.execute(RemoteWebDriver.java:552)
	at org.openqa.selenium.remote.RemoteWebElement.execute(RemoteWebElement.java:285)
	at org.openqa.selenium.remote.RemoteWebElement.click(RemoteWebElement.java:84)
	at org.pages.CardCarouselBlockPage.validatefooterlocationdropdown(CardCarouselBlockPage.java:243)
	at org.stepDefinitions.Testing_the_feature_for_card_carousel_block_page.i_am_at_the_cardcarouselblock_page(Testing_the_feature_for_card_carousel_block_page.java:34)
	at ✽.I am at the cardcarouselblock page(file:///C:/Users/Bhuvaneshwari.T/Documents/QA%20Compentency/Beazely/Cypress%20Automation%20Conversion/Automation/BeazleyAutomation/src/test/resources/Regression/Testing_the_feature_for_card_carousel_block_page.feature:16)
</pre></div><a href='#' onClick='toggleBox("stack-trace2036732855", this, "Click to show all stack frames", "Click to hide stack frames")'>Click to show all stack frames</a>
<div class='stack-trace' id='stack-trace2036732855'><pre>org.openqa.selenium.ElementNotInteractableException: Element &lt;span class=&quot;whitespace-nowrap&quot;&gt; could not be scrolled into view
Build info: version: &apos;3.141.59&apos;, revision: &apos;e82be7d358&apos;, time: &apos;2018-11-14T08:17:03&apos;
System info: host: &apos;VSPLBLRLT0703&apos;, ip: &apos;192.168.1.5&apos;, os.name: &apos;Windows 10&apos;, os.arch: &apos;amd64&apos;, os.version: &apos;10.0&apos;, java.version: &apos;17.0.5&apos;
Driver info: org.openqa.selenium.firefox.FirefoxDriver
Capabilities {acceptInsecureCerts: true, browserName: firefox, browserVersion: 118.0.1, javascriptEnabled: true, moz:accessibilityChecks: false, moz:buildID: 20230927232528, moz:geckodriverVersion: 0.33.0, moz:headless: false, moz:platformVersion: 10.0, moz:processID: 7300, moz:profile: C:\Users\BHUVAN~1.T\AppData..., moz:shutdownTimeout: 60000, moz:webdriverClick: true, moz:windowless: false, pageLoadStrategy: normal, platform: WINDOWS, platformName: WINDOWS, proxy: Proxy(), setWindowRect: true, strictFileInteractability: false, timeouts: {implicit: 0, pageLoad: 300000, script: 30000}, unhandledPromptBehavior: dismiss and notify}
Session ID: 5eb66150-14b1-4bd6-ba55-dd0abf53b332
	at java.base/jdk.internal.reflect.NativeConstructorAccessorImpl.newInstance0(Native Method)
	at java.base/jdk.internal.reflect.NativeConstructorAccessorImpl.newInstance(NativeConstructorAccessorImpl.java:77)
	at java.base/jdk.internal.reflect.DelegatingConstructorAccessorImpl.newInstance(DelegatingConstructorAccessorImpl.java:45)
	at java.base/java.lang.reflect.Constructor.newInstanceWithCaller(Constructor.java:499)
	at java.base/java.lang.reflect.Constructor.newInstance(Constructor.java:480)
	at org.openqa.selenium.remote.http.W3CHttpResponseCodec.createException(W3CHttpResponseCodec.java:187)
	at org.openqa.selenium.remote.http.W3CHttpResponseCodec.decode(W3CHttpResponseCodec.java:122)
	at org.openqa.selenium.remote.http.W3CHttpResponseCodec.decode(W3CHttpResponseCodec.java:49)
	at org.openqa.selenium.remote.HttpCommandExecutor.execute(HttpCommandExecutor.java:158)
	at org.openqa.selenium.remote.service.DriverCommandExecutor.execute(DriverCommandExecutor.java:83)
	at org.openqa.selenium.remote.RemoteWebDriver.execute(RemoteWebDriver.java:552)
	at org.openqa.selenium.remote.RemoteWebElement.execute(RemoteWebElement.java:285)
	at org.openqa.selenium.remote.RemoteWebElement.click(RemoteWebElement.java:84)
	at org.pages.CardCarouselBlockPage.validatefooterlocationdropdown(CardCarouselBlockPage.java:243)
	at org.stepDefinitions.Testing_the_feature_for_card_carousel_block_page.i_am_at_the_cardcarouselblock_page(Testing_the_feature_for_card_carousel_block_page.java:34)
	at ✽.I am at the cardcarouselblock page(file:///C:/Users/Bhuvaneshwari.T/Documents/QA%20Compentency/Beazely/Cypress%20Automation%20Conversion/Automation/BeazleyAutomation/src/test/resources/Regression/Testing_the_feature_for_card_carousel_block_page.feature:16)
</pre></div></td>
<td>62</td>
<td>org.testRunner.TestRunner@73eb439a</td></tr>
<tr>
<td title='org.testRunner.TestRunner.runScenario()'><b>runScenario</b><br>Test class: org.testRunner.TestRunner<br>Test method: Runs Cucumber Scenarios<br>Parameters: "Testing Page Header", "Testing_the_feature_for_image_block"</td>
<td><div><pre>io.cucumber.testng.UndefinedStepException: The step &apos;I am at the cardcarouselblock page Header&apos; is undefined.
You can implement this step using the snippet(s) below:

@Given(&quot;I am at the cardcarouselblock page Header&quot;)
public void i_am_at_the_cardcarouselblock_page_header() {
    // Write code here that turns the phrase above into concrete actions
    throw new io.cucumber.java.PendingException();
}

	at io.cucumber.core.runtime.TestCaseResultObserver.assertTestCasePassed(TestCaseResultObserver.java:69)
	at io.cucumber.testng.TestCaseResultObserver.assertTestCasePassed(TestCaseResultObserver.java:23)
	at io.cucumber.testng.TestNGCucumberRunner.lambda$runScenario$1(TestNGCucumberRunner.java:133)
	at io.cucumber.core.runtime.CucumberExecutionContext.lambda$runTestCase$5(CucumberExecutionContext.java:137)
	at io.cucumber.core.runtime.RethrowingThrowableCollector.executeAndThrow(RethrowingThrowableCollector.java:23)
	at io.cucumber.core.runtime.CucumberExecutionContext.runTestCase(CucumberExecutionContext.java:137)
	at io.cucumber.testng.TestNGCucumberRunner.runScenario(TestNGCucumberRunner.java:129)
	at io.cucumber.testng.AbstractTestNGCucumberTests.runScenario(AbstractTestNGCucumberTests.java:35)
	at jdk.internal.reflect.GeneratedMethodAccessor120.invoke(Unknown Source)
	at java.base/jdk.internal.reflect.DelegatingMethodAccessorImpl.invoke(DelegatingMethodAccessorImpl.java:43)
	at java.base/java.lang.reflect.Method.invoke(Method.java:568)
	at org.testng.internal.invokers.MethodInvocationHelper.invokeMethod(MethodInvocationHelper.java:139)
	at org.testng.internal.invokers.TestInvoker.invokeMethod(TestInvoker.java:664)
	at org.testng.internal.invokers.TestInvoker.invokeTestMethod(TestInvoker.java:227)
	at org.testng.internal.invokers.MethodRunner.runInSequence(MethodRunner.java:50)
	at org.testng.internal.invokers.TestInvoker$MethodInvocationAgent.invoke(TestInvoker.java:957)
	at org.testng.internal.invokers.TestInvoker.invokeTestMethods(TestInvoker.java:200)
	at org.testng.internal.invokers.TestMethodWorker.invokeTestMethods(TestMethodWorker.java:148)
	at org.testng.internal.invokers.TestMethodWorker.run(TestMethodWorker.java:128)
	at java.base/java.util.ArrayList.forEach(ArrayList.java:1511)
	at org.testng.TestRunner.privateRun(TestRunner.java:848)
	at org.testng.TestRunner.run(TestRunner.java:621)
	at org.testng.SuiteRunner.runTest(SuiteRunner.java:443)
	at org.testng.SuiteRunner.runSequentially(SuiteRunner.java:437)
	at org.testng.SuiteRunner.privateRun(SuiteRunner.java:397)
	at org.testng.SuiteRunner.run(SuiteRunner.java:336)
	at org.testng.SuiteRunnerWorker.runSuite(SuiteRunnerWorker.java:52)
	at org.testng.SuiteRunnerWorker.run(SuiteRunnerWorker.java:95)
	at org.testng.TestNG.runSuitesSequentially(TestNG.java:1280)
	at org.testng.TestNG.runSuitesLocally(TestNG.java:1200)
	at org.testng.TestNG.runSuites(TestNG.java:1114)
	at org.testng.TestNG.run(TestNG.java:1082)
	at org.testng.remote.AbstractRemoteTestNG.run(AbstractRemoteTestNG.java:115)
	at org.testng.remote.RemoteTestNG.initAndRun(RemoteTestNG.java:251)
	at org.testng.remote.RemoteTestNG.main(RemoteTestNG.java:77)
</pre></div><a href='#' onClick='toggleBox("stack-trace291875154", this, "Click to show all stack frames", "Click to hide stack frames")'>Click to show all stack frames</a>
<div class='stack-trace' id='stack-trace291875154'><pre>io.cucumber.testng.UndefinedStepException: The step &apos;I am at the cardcarouselblock page Header&apos; is undefined.
You can implement this step using the snippet(s) below:

@Given(&quot;I am at the cardcarouselblock page Header&quot;)
public void i_am_at_the_cardcarouselblock_page_header() {
    // Write code here that turns the phrase above into concrete actions
    throw new io.cucumber.java.PendingException();
}

	at io.cucumber.core.runtime.TestCaseResultObserver.assertTestCasePassed(TestCaseResultObserver.java:69)
	at io.cucumber.testng.TestCaseResultObserver.assertTestCasePassed(TestCaseResultObserver.java:23)
	at io.cucumber.testng.TestNGCucumberRunner.lambda$runScenario$1(TestNGCucumberRunner.java:133)
	at io.cucumber.core.runtime.CucumberExecutionContext.lambda$runTestCase$5(CucumberExecutionContext.java:137)
	at io.cucumber.core.runtime.RethrowingThrowableCollector.executeAndThrow(RethrowingThrowableCollector.java:23)
	at io.cucumber.core.runtime.CucumberExecutionContext.runTestCase(CucumberExecutionContext.java:137)
	at io.cucumber.testng.TestNGCucumberRunner.runScenario(TestNGCucumberRunner.java:129)
	at io.cucumber.testng.AbstractTestNGCucumberTests.runScenario(AbstractTestNGCucumberTests.java:35)
	at jdk.internal.reflect.GeneratedMethodAccessor120.invoke(Unknown Source)
	at java.base/jdk.internal.reflect.DelegatingMethodAccessorImpl.invoke(DelegatingMethodAccessorImpl.java:43)
	at java.base/java.lang.reflect.Method.invoke(Method.java:568)
	at org.testng.internal.invokers.MethodInvocationHelper.invokeMethod(MethodInvocationHelper.java:139)
	at org.testng.internal.invokers.TestInvoker.invokeMethod(TestInvoker.java:664)
	at org.testng.internal.invokers.TestInvoker.invokeTestMethod(TestInvoker.java:227)
	at org.testng.internal.invokers.MethodRunner.runInSequence(MethodRunner.java:50)
	at org.testng.internal.invokers.TestInvoker$MethodInvocationAgent.invoke(TestInvoker.java:957)
	at org.testng.internal.invokers.TestInvoker.invokeTestMethods(TestInvoker.java:200)
	at org.testng.internal.invokers.TestMethodWorker.invokeTestMethods(TestMethodWorker.java:148)
	at org.testng.internal.invokers.TestMethodWorker.run(TestMethodWorker.java:128)
	at java.base/java.util.ArrayList.forEach(ArrayList.java:1511)
	at org.testng.TestRunner.privateRun(TestRunner.java:848)
	at org.testng.TestRunner.run(TestRunner.java:621)
	at org.testng.SuiteRunner.runTest(SuiteRunner.java:443)
	at org.testng.SuiteRunner.runSequentially(SuiteRunner.java:437)
	at org.testng.SuiteRunner.privateRun(SuiteRunner.java:397)
	at org.testng.SuiteRunner.run(SuiteRunner.java:336)
	at org.testng.SuiteRunnerWorker.runSuite(SuiteRunnerWorker.java:52)
	at org.testng.SuiteRunnerWorker.run(SuiteRunnerWorker.java:95)
	at org.testng.TestNG.runSuitesSequentially(TestNG.java:1280)
	at org.testng.TestNG.runSuitesLocally(TestNG.java:1200)
	at org.testng.TestNG.runSuites(TestNG.java:1114)
	at org.testng.TestNG.run(TestNG.java:1082)
	at org.testng.remote.AbstractRemoteTestNG.run(AbstractRemoteTestNG.java:115)
	at org.testng.remote.RemoteTestNG.initAndRun(RemoteTestNG.java:251)
	at org.testng.remote.RemoteTestNG.main(RemoteTestNG.java:77)
</pre></div></td>
<td>49</td>
<td>org.testRunner.TestRunner@73eb439a</td></tr>
<tr>
<td title='org.testRunner.TestRunner.runScenario()'><b>runScenario</b><br>Test class: org.testRunner.TestRunner<br>Test method: Runs Cucumber Scenarios<br>Parameters: "Verify Page Loaded Successfully.", "Regression Testing"</td>
<td><div><pre>org.openqa.selenium.InvalidArgumentException: Malformed URL: URL constructor: https://qa.dxp.beazley.com /en/test-pages/testpage---c-12---calloutgroupblock---horizontal---page is not a valid URL.
Build info: version: &apos;3.141.59&apos;, revision: &apos;e82be7d358&apos;, time: &apos;2018-11-14T08:17:03&apos;
System info: host: &apos;VSPLBLRLT0703&apos;, ip: &apos;192.168.1.5&apos;, os.name: &apos;Windows 10&apos;, os.arch: &apos;amd64&apos;, os.version: &apos;10.0&apos;, java.version: &apos;17.0.5&apos;
Driver info: org.openqa.selenium.firefox.FirefoxDriver
Capabilities {acceptInsecureCerts: true, browserName: firefox, browserVersion: 118.0.1, javascriptEnabled: true, moz:accessibilityChecks: false, moz:buildID: 20230927232528, moz:geckodriverVersion: 0.33.0, moz:headless: false, moz:platformVersion: 10.0, moz:processID: 1256, moz:profile: C:\Users\BHUVAN~1.T\AppData..., moz:shutdownTimeout: 60000, moz:webdriverClick: true, moz:windowless: false, pageLoadStrategy: normal, platform: WINDOWS, platformName: WINDOWS, proxy: Proxy(), setWindowRect: true, strictFileInteractability: false, timeouts: {implicit: 0, pageLoad: 300000, script: 30000}, unhandledPromptBehavior: dismiss and notify}
Session ID: 4d2d8663-c6cf-4a77-80ca-fb6e044d91ff
	at java.base/jdk.internal.reflect.NativeConstructorAccessorImpl.newInstance0(Native Method)
	at java.base/jdk.internal.reflect.NativeConstructorAccessorImpl.newInstance(NativeConstructorAccessorImpl.java:77)
	at java.base/jdk.internal.reflect.DelegatingConstructorAccessorImpl.newInstance(DelegatingConstructorAccessorImpl.java:45)
	at java.base/java.lang.reflect.Constructor.newInstanceWithCaller(Constructor.java:499)
	at java.base/java.lang.reflect.Constructor.newInstance(Constructor.java:480)
	at org.openqa.selenium.remote.http.W3CHttpResponseCodec.createException(W3CHttpResponseCodec.java:187)
	at org.openqa.selenium.remote.http.W3CHttpResponseCodec.decode(W3CHttpResponseCodec.java:122)
	at org.openqa.selenium.remote.http.W3CHttpResponseCodec.decode(W3CHttpResponseCodec.java:49)
	at org.openqa.selenium.remote.HttpCommandExecutor.execute(HttpCommandExecutor.java:158)
	at org.openqa.selenium.remote.service.DriverCommandExecutor.execute(DriverCommandExecutor.java:83)
	at org.openqa.selenium.remote.RemoteWebDriver.execute(RemoteWebDriver.java:552)
	at org.openqa.selenium.remote.RemoteWebDriver.get(RemoteWebDriver.java:277)
	at org.openqa.selenium.remote.RemoteWebDriver$RemoteNavigation.to(RemoteWebDriver.java:857)
	at org.stepDefinitions.Regression_Testing_Feature_page.User_Logs_in_to_application(Regression_Testing_Feature_page.java:50)
	at ✽.User Logs in to application &quot;tabbed-person&quot; &quot;https://qa.dxp.beazley.com /en/test-pages/testpage---c-12---calloutgroupblock---horizontal---page&quot; &quot;verified  Tabbed Person Page Navigation &amp; page load&quot;(file:///C:/Users/Bhuvaneshwari.T/Documents/QA%20Compentency/Beazely/Cypress%20Automation%20Conversion/Automation/BeazleyAutomation/src/test/resources/Regression/PageLoads.feature:5)
</pre></div><a href='#' onClick='toggleBox("stack-trace813496676", this, "Click to show all stack frames", "Click to hide stack frames")'>Click to show all stack frames</a>
<div class='stack-trace' id='stack-trace813496676'><pre>org.openqa.selenium.InvalidArgumentException: Malformed URL: URL constructor: https://qa.dxp.beazley.com /en/test-pages/testpage---c-12---calloutgroupblock---horizontal---page is not a valid URL.
Build info: version: &apos;3.141.59&apos;, revision: &apos;e82be7d358&apos;, time: &apos;2018-11-14T08:17:03&apos;
System info: host: &apos;VSPLBLRLT0703&apos;, ip: &apos;192.168.1.5&apos;, os.name: &apos;Windows 10&apos;, os.arch: &apos;amd64&apos;, os.version: &apos;10.0&apos;, java.version: &apos;17.0.5&apos;
Driver info: org.openqa.selenium.firefox.FirefoxDriver
Capabilities {acceptInsecureCerts: true, browserName: firefox, browserVersion: 118.0.1, javascriptEnabled: true, moz:accessibilityChecks: false, moz:buildID: 20230927232528, moz:geckodriverVersion: 0.33.0, moz:headless: false, moz:platformVersion: 10.0, moz:processID: 1256, moz:profile: C:\Users\BHUVAN~1.T\AppData..., moz:shutdownTimeout: 60000, moz:webdriverClick: true, moz:windowless: false, pageLoadStrategy: normal, platform: WINDOWS, platformName: WINDOWS, proxy: Proxy(), setWindowRect: true, strictFileInteractability: false, timeouts: {implicit: 0, pageLoad: 300000, script: 30000}, unhandledPromptBehavior: dismiss and notify}
Session ID: 4d2d8663-c6cf-4a77-80ca-fb6e044d91ff
	at java.base/jdk.internal.reflect.NativeConstructorAccessorImpl.newInstance0(Native Method)
	at java.base/jdk.internal.reflect.NativeConstructorAccessorImpl.newInstance(NativeConstructorAccessorImpl.java:77)
	at java.base/jdk.internal.reflect.DelegatingConstructorAccessorImpl.newInstance(DelegatingConstructorAccessorImpl.java:45)
	at java.base/java.lang.reflect.Constructor.newInstanceWithCaller(Constructor.java:499)
	at java.base/java.lang.reflect.Constructor.newInstance(Constructor.java:480)
	at org.openqa.selenium.remote.http.W3CHttpResponseCodec.createException(W3CHttpResponseCodec.java:187)
	at org.openqa.selenium.remote.http.W3CHttpResponseCodec.decode(W3CHttpResponseCodec.java:122)
	at org.openqa.selenium.remote.http.W3CHttpResponseCodec.decode(W3CHttpResponseCodec.java:49)
	at org.openqa.selenium.remote.HttpCommandExecutor.execute(HttpCommandExecutor.java:158)
	at org.openqa.selenium.remote.service.DriverCommandExecutor.execute(DriverCommandExecutor.java:83)
	at org.openqa.selenium.remote.RemoteWebDriver.execute(RemoteWebDriver.java:552)
	at org.openqa.selenium.remote.RemoteWebDriver.get(RemoteWebDriver.java:277)
	at org.openqa.selenium.remote.RemoteWebDriver$RemoteNavigation.to(RemoteWebDriver.java:857)
	at org.stepDefinitions.Regression_Testing_Feature_page.User_Logs_in_to_application(Regression_Testing_Feature_page.java:50)
	at ✽.User Logs in to application &quot;tabbed-person&quot; &quot;https://qa.dxp.beazley.com /en/test-pages/testpage---c-12---calloutgroupblock---horizontal---page&quot; &quot;verified  Tabbed Person Page Navigation &amp; page load&quot;(file:///C:/Users/Bhuvaneshwari.T/Documents/QA%20Compentency/Beazely/Cypress%20Automation%20Conversion/Automation/BeazleyAutomation/src/test/resources/Regression/PageLoads.feature:5)
</pre></div></td>
<td>53</td>
<td>org.testRunner.TestRunner@73eb439a</td></tr>
<tr>
<td title='org.testRunner.TestRunner.runScenario()'><b>runScenario</b><br>Test class: org.testRunner.TestRunner<br>Test method: Runs Cucumber Scenarios<br>Parameters: "validate broker contact form general feedback.", "Regression Testing"</td>
<td><div><pre>org.openqa.selenium.NoSuchElementException: Unable to locate element: //h3[@data-testid=&apos;thankYouCardTitle&apos;]
For documentation on this error, please visit: https://www.seleniumhq.org/exceptions/no_such_element.html
Build info: version: &apos;3.141.59&apos;, revision: &apos;e82be7d358&apos;, time: &apos;2018-11-14T08:17:03&apos;
System info: host: &apos;VSPLBLRLT0703&apos;, ip: &apos;192.168.1.5&apos;, os.name: &apos;Windows 10&apos;, os.arch: &apos;amd64&apos;, os.version: &apos;10.0&apos;, java.version: &apos;17.0.5&apos;
Driver info: org.openqa.selenium.firefox.FirefoxDriver
Capabilities {acceptInsecureCerts: true, browserName: firefox, browserVersion: 118.0.1, javascriptEnabled: true, moz:accessibilityChecks: false, moz:buildID: 20230927232528, moz:geckodriverVersion: 0.33.0, moz:headless: false, moz:platformVersion: 10.0, moz:processID: 8380, moz:profile: C:\Users\BHUVAN~1.T\AppData..., moz:shutdownTimeout: 60000, moz:webdriverClick: true, moz:windowless: false, pageLoadStrategy: normal, platform: WINDOWS, platformName: WINDOWS, proxy: Proxy(), setWindowRect: true, strictFileInteractability: false, timeouts: {implicit: 0, pageLoad: 300000, script: 30000}, unhandledPromptBehavior: dismiss and notify}
Session ID: 22f05ea0-2b30-41e1-961e-e245cbf6a63b
*** Element info: {Using=xpath, value=//h3[@data-testid=&apos;thankYouCardTitle&apos;]}
	at java.base/jdk.internal.reflect.NativeConstructorAccessorImpl.newInstance0(Native Method)
	at java.base/jdk.internal.reflect.NativeConstructorAccessorImpl.newInstance(NativeConstructorAccessorImpl.java:77)
	at java.base/jdk.internal.reflect.DelegatingConstructorAccessorImpl.newInstance(DelegatingConstructorAccessorImpl.java:45)
	at java.base/java.lang.reflect.Constructor.newInstanceWithCaller(Constructor.java:499)
	at java.base/java.lang.reflect.Constructor.newInstance(Constructor.java:480)
	at org.openqa.selenium.remote.http.W3CHttpResponseCodec.createException(W3CHttpResponseCodec.java:187)
	at org.openqa.selenium.remote.http.W3CHttpResponseCodec.decode(W3CHttpResponseCodec.java:122)
	at org.openqa.selenium.remote.http.W3CHttpResponseCodec.decode(W3CHttpResponseCodec.java:49)
	at org.openqa.selenium.remote.HttpCommandExecutor.execute(HttpCommandExecutor.java:158)
	at org.openqa.selenium.remote.service.DriverCommandExecutor.execute(DriverCommandExecutor.java:83)
	at org.openqa.selenium.remote.RemoteWebDriver.execute(RemoteWebDriver.java:552)
	at org.openqa.selenium.remote.RemoteWebDriver.findElement(RemoteWebDriver.java:323)
	at org.openqa.selenium.remote.RemoteWebDriver.findElementByXPath(RemoteWebDriver.java:428)
	at org.openqa.selenium.By$ByXPath.findElement(By.java:353)
	at org.openqa.selenium.remote.RemoteWebDriver.findElement(RemoteWebDriver.java:315)
	at org.openqa.selenium.support.pagefactory.DefaultElementLocator.findElement(DefaultElementLocator.java:69)
	at org.openqa.selenium.support.pagefactory.internal.LocatingElementHandler.invoke(LocatingElementHandler.java:38)
	at jdk.proxy2/jdk.proxy2.$Proxy31.isDisplayed(Unknown Source)
	at org.pages.Regressionvalidationpage.isDisplayed(Regressionvalidationpage.java:109)
	at org.pages.Regressionvalidationpage.ServiceQuestion(Regressionvalidationpage.java:244)
	at org.pages.Regressionvalidationpage.brokercontactformgeneralfeedback(Regressionvalidationpage.java:327)
	at org.stepDefinitions.Regression_Testing_Feature_page.Validate_broker_contact_form_my_BeazleySupport(Regression_Testing_Feature_page.java:95)
	at ✽.Validate broker contact form my BeazleySupport(file:///C:/Users/Bhuvaneshwari.T/Documents/QA%20Compentency/Beazely/Cypress%20Automation%20Conversion/Automation/BeazleyAutomation/src/test/resources/Regression/PageLoads.feature:49)
</pre></div><a href='#' onClick='toggleBox("stack-trace1340759776", this, "Click to show all stack frames", "Click to hide stack frames")'>Click to show all stack frames</a>
<div class='stack-trace' id='stack-trace1340759776'><pre>org.openqa.selenium.NoSuchElementException: Unable to locate element: //h3[@data-testid=&apos;thankYouCardTitle&apos;]
For documentation on this error, please visit: https://www.seleniumhq.org/exceptions/no_such_element.html
Build info: version: &apos;3.141.59&apos;, revision: &apos;e82be7d358&apos;, time: &apos;2018-11-14T08:17:03&apos;
System info: host: &apos;VSPLBLRLT0703&apos;, ip: &apos;192.168.1.5&apos;, os.name: &apos;Windows 10&apos;, os.arch: &apos;amd64&apos;, os.version: &apos;10.0&apos;, java.version: &apos;17.0.5&apos;
Driver info: org.openqa.selenium.firefox.FirefoxDriver
Capabilities {acceptInsecureCerts: true, browserName: firefox, browserVersion: 118.0.1, javascriptEnabled: true, moz:accessibilityChecks: false, moz:buildID: 20230927232528, moz:geckodriverVersion: 0.33.0, moz:headless: false, moz:platformVersion: 10.0, moz:processID: 8380, moz:profile: C:\Users\BHUVAN~1.T\AppData..., moz:shutdownTimeout: 60000, moz:webdriverClick: true, moz:windowless: false, pageLoadStrategy: normal, platform: WINDOWS, platformName: WINDOWS, proxy: Proxy(), setWindowRect: true, strictFileInteractability: false, timeouts: {implicit: 0, pageLoad: 300000, script: 30000}, unhandledPromptBehavior: dismiss and notify}
Session ID: 22f05ea0-2b30-41e1-961e-e245cbf6a63b
*** Element info: {Using=xpath, value=//h3[@data-testid=&apos;thankYouCardTitle&apos;]}
	at java.base/jdk.internal.reflect.NativeConstructorAccessorImpl.newInstance0(Native Method)
	at java.base/jdk.internal.reflect.NativeConstructorAccessorImpl.newInstance(NativeConstructorAccessorImpl.java:77)
	at java.base/jdk.internal.reflect.DelegatingConstructorAccessorImpl.newInstance(DelegatingConstructorAccessorImpl.java:45)
	at java.base/java.lang.reflect.Constructor.newInstanceWithCaller(Constructor.java:499)
	at java.base/java.lang.reflect.Constructor.newInstance(Constructor.java:480)
	at org.openqa.selenium.remote.http.W3CHttpResponseCodec.createException(W3CHttpResponseCodec.java:187)
	at org.openqa.selenium.remote.http.W3CHttpResponseCodec.decode(W3CHttpResponseCodec.java:122)
	at org.openqa.selenium.remote.http.W3CHttpResponseCodec.decode(W3CHttpResponseCodec.java:49)
	at org.openqa.selenium.remote.HttpCommandExecutor.execute(HttpCommandExecutor.java:158)
	at org.openqa.selenium.remote.service.DriverCommandExecutor.execute(DriverCommandExecutor.java:83)
	at org.openqa.selenium.remote.RemoteWebDriver.execute(RemoteWebDriver.java:552)
	at org.openqa.selenium.remote.RemoteWebDriver.findElement(RemoteWebDriver.java:323)
	at org.openqa.selenium.remote.RemoteWebDriver.findElementByXPath(RemoteWebDriver.java:428)
	at org.openqa.selenium.By$ByXPath.findElement(By.java:353)
	at org.openqa.selenium.remote.RemoteWebDriver.findElement(RemoteWebDriver.java:315)
	at org.openqa.selenium.support.pagefactory.DefaultElementLocator.findElement(DefaultElementLocator.java:69)
	at org.openqa.selenium.support.pagefactory.internal.LocatingElementHandler.invoke(LocatingElementHandler.java:38)
	at jdk.proxy2/jdk.proxy2.$Proxy31.isDisplayed(Unknown Source)
	at org.pages.Regressionvalidationpage.isDisplayed(Regressionvalidationpage.java:109)
	at org.pages.Regressionvalidationpage.ServiceQuestion(Regressionvalidationpage.java:244)
	at org.pages.Regressionvalidationpage.brokercontactformgeneralfeedback(Regressionvalidationpage.java:327)
	at org.stepDefinitions.Regression_Testing_Feature_page.Validate_broker_contact_form_my_BeazleySupport(Regression_Testing_Feature_page.java:95)
	at ✽.Validate broker contact form my BeazleySupport(file:///C:/Users/Bhuvaneshwari.T/Documents/QA%20Compentency/Beazely/Cypress%20Automation%20Conversion/Automation/BeazleyAutomation/src/test/resources/Regression/PageLoads.feature:49)
</pre></div></td>
<td>132</td>
<td>org.testRunner.TestRunner@73eb439a</td></tr>
<tr>
<td title='org.testRunner.TestRunner.runScenario()'><b>runScenario</b><br>Test class: org.testRunner.TestRunner<br>Test method: Runs Cucumber Scenarios<br>Parameters: "Testing_the_feature_for_card_carousel_block_page", "card carousel block page validation"</td>
<td><div><pre>org.openqa.selenium.ElementNotInteractableException: Element &lt;span class=&quot;whitespace-nowrap&quot;&gt; could not be scrolled into view
Build info: version: &apos;3.141.59&apos;, revision: &apos;e82be7d358&apos;, time: &apos;2018-11-14T08:17:03&apos;
System info: host: &apos;VSPLBLRLT0703&apos;, ip: &apos;192.168.1.5&apos;, os.name: &apos;Windows 10&apos;, os.arch: &apos;amd64&apos;, os.version: &apos;10.0&apos;, java.version: &apos;17.0.5&apos;
Driver info: org.openqa.selenium.firefox.FirefoxDriver
Capabilities {acceptInsecureCerts: true, browserName: firefox, browserVersion: 118.0.1, javascriptEnabled: true, moz:accessibilityChecks: false, moz:buildID: 20230927232528, moz:geckodriverVersion: 0.33.0, moz:headless: false, moz:platformVersion: 10.0, moz:processID: 21380, moz:profile: C:\Users\BHUVAN~1.T\AppData..., moz:shutdownTimeout: 60000, moz:webdriverClick: true, moz:windowless: false, pageLoadStrategy: normal, platform: WINDOWS, platformName: WINDOWS, proxy: Proxy(), setWindowRect: true, strictFileInteractability: false, timeouts: {implicit: 0, pageLoad: 300000, script: 30000}, unhandledPromptBehavior: dismiss and notify}
Session ID: 82a67e1b-9eb4-49b9-94af-8e61d3f735eb
	at java.base/jdk.internal.reflect.NativeConstructorAccessorImpl.newInstance0(Native Method)
	at java.base/jdk.internal.reflect.NativeConstructorAccessorImpl.newInstance(NativeConstructorAccessorImpl.java:77)
	at java.base/jdk.internal.reflect.DelegatingConstructorAccessorImpl.newInstance(DelegatingConstructorAccessorImpl.java:45)
	at java.base/java.lang.reflect.Constructor.newInstanceWithCaller(Constructor.java:499)
	at java.base/java.lang.reflect.Constructor.newInstance(Constructor.java:480)
	at org.openqa.selenium.remote.http.W3CHttpResponseCodec.createException(W3CHttpResponseCodec.java:187)
	at org.openqa.selenium.remote.http.W3CHttpResponseCodec.decode(W3CHttpResponseCodec.java:122)
	at org.openqa.selenium.remote.http.W3CHttpResponseCodec.decode(W3CHttpResponseCodec.java:49)
	at org.openqa.selenium.remote.HttpCommandExecutor.execute(HttpCommandExecutor.java:158)
	at org.openqa.selenium.remote.service.DriverCommandExecutor.execute(DriverCommandExecutor.java:83)
	at org.openqa.selenium.remote.RemoteWebDriver.execute(RemoteWebDriver.java:552)
	at org.openqa.selenium.remote.RemoteWebElement.execute(RemoteWebElement.java:285)
	at org.openqa.selenium.remote.RemoteWebElement.click(RemoteWebElement.java:84)
	at org.pages.CardCarouselBlockPage.validatefooterlocationdropdown(CardCarouselBlockPage.java:243)
	at org.stepDefinitions.Testing_the_feature_for_card_carousel_block_page.i_am_at_the_cardcarouselblock_page(Testing_the_feature_for_card_carousel_block_page.java:34)
	at ✽.I am at the cardcarouselblock page(file:///C:/Users/Bhuvaneshwari.T/Documents/QA%20Compentency/Beazely/Cypress%20Automation%20Conversion/Automation/BeazleyAutomation/src/test/resources/Regression/Testing_the_feature_for_card_carousel_block_page.feature:7)
</pre></div><a href='#' onClick='toggleBox("stack-trace1401070431", this, "Click to show all stack frames", "Click to hide stack frames")'>Click to show all stack frames</a>
<div class='stack-trace' id='stack-trace1401070431'><pre>org.openqa.selenium.ElementNotInteractableException: Element &lt;span class=&quot;whitespace-nowrap&quot;&gt; could not be scrolled into view
Build info: version: &apos;3.141.59&apos;, revision: &apos;e82be7d358&apos;, time: &apos;2018-11-14T08:17:03&apos;
System info: host: &apos;VSPLBLRLT0703&apos;, ip: &apos;192.168.1.5&apos;, os.name: &apos;Windows 10&apos;, os.arch: &apos;amd64&apos;, os.version: &apos;10.0&apos;, java.version: &apos;17.0.5&apos;
Driver info: org.openqa.selenium.firefox.FirefoxDriver
Capabilities {acceptInsecureCerts: true, browserName: firefox, browserVersion: 118.0.1, javascriptEnabled: true, moz:accessibilityChecks: false, moz:buildID: 20230927232528, moz:geckodriverVersion: 0.33.0, moz:headless: false, moz:platformVersion: 10.0, moz:processID: 21380, moz:profile: C:\Users\BHUVAN~1.T\AppData..., moz:shutdownTimeout: 60000, moz:webdriverClick: true, moz:windowless: false, pageLoadStrategy: normal, platform: WINDOWS, platformName: WINDOWS, proxy: Proxy(), setWindowRect: true, strictFileInteractability: false, timeouts: {implicit: 0, pageLoad: 300000, script: 30000}, unhandledPromptBehavior: dismiss and notify}
Session ID: 82a67e1b-9eb4-49b9-94af-8e61d3f735eb
	at java.base/jdk.internal.reflect.NativeConstructorAccessorImpl.newInstance0(Native Method)
	at java.base/jdk.internal.reflect.NativeConstructorAccessorImpl.newInstance(NativeConstructorAccessorImpl.java:77)
	at java.base/jdk.internal.reflect.DelegatingConstructorAccessorImpl.newInstance(DelegatingConstructorAccessorImpl.java:45)
	at java.base/java.lang.reflect.Constructor.newInstanceWithCaller(Constructor.java:499)
	at java.base/java.lang.reflect.Constructor.newInstance(Constructor.java:480)
	at org.openqa.selenium.remote.http.W3CHttpResponseCodec.createException(W3CHttpResponseCodec.java:187)
	at org.openqa.selenium.remote.http.W3CHttpResponseCodec.decode(W3CHttpResponseCodec.java:122)
	at org.openqa.selenium.remote.http.W3CHttpResponseCodec.decode(W3CHttpResponseCodec.java:49)
	at org.openqa.selenium.remote.HttpCommandExecutor.execute(HttpCommandExecutor.java:158)
	at org.openqa.selenium.remote.service.DriverCommandExecutor.execute(DriverCommandExecutor.java:83)
	at org.openqa.selenium.remote.RemoteWebDriver.execute(RemoteWebDriver.java:552)
	at org.openqa.selenium.remote.RemoteWebElement.execute(RemoteWebElement.java:285)
	at org.openqa.selenium.remote.RemoteWebElement.click(RemoteWebElement.java:84)
	at org.pages.CardCarouselBlockPage.validatefooterlocationdropdown(CardCarouselBlockPage.java:243)
	at org.stepDefinitions.Testing_the_feature_for_card_carousel_block_page.i_am_at_the_cardcarouselblock_page(Testing_the_feature_for_card_carousel_block_page.java:34)
	at ✽.I am at the cardcarouselblock page(file:///C:/Users/Bhuvaneshwari.T/Documents/QA%20Compentency/Beazely/Cypress%20Automation%20Conversion/Automation/BeazleyAutomation/src/test/resources/Regression/Testing_the_feature_for_card_carousel_block_page.feature:7)
</pre></div></td>
<td>64</td>
<td>org.testRunner.TestRunner@73eb439a</td></tr>
<tr>
<td title='org.testRunner.TestRunner.runScenario()'><b>runScenario</b><br>Test class: org.testRunner.TestRunner<br>Test method: Runs Cucumber Scenarios<br>Parameters: "validate broker contact form general feedback.", "Regression Testing"</td>
<td><div><pre>org.openqa.selenium.NoSuchElementException: Unable to locate element: //h3[@data-testid=&apos;thankYouCardTitle&apos;]
For documentation on this error, please visit: https://www.seleniumhq.org/exceptions/no_such_element.html
Build info: version: &apos;3.141.59&apos;, revision: &apos;e82be7d358&apos;, time: &apos;2018-11-14T08:17:03&apos;
System info: host: &apos;VSPLBLRLT0703&apos;, ip: &apos;192.168.1.5&apos;, os.name: &apos;Windows 10&apos;, os.arch: &apos;amd64&apos;, os.version: &apos;10.0&apos;, java.version: &apos;17.0.5&apos;
Driver info: org.openqa.selenium.firefox.FirefoxDriver
Capabilities {acceptInsecureCerts: true, browserName: firefox, browserVersion: 118.0.1, javascriptEnabled: true, moz:accessibilityChecks: false, moz:buildID: 20230927232528, moz:geckodriverVersion: 0.33.0, moz:headless: false, moz:platformVersion: 10.0, moz:processID: 1604, moz:profile: C:\Users\BHUVAN~1.T\AppData..., moz:shutdownTimeout: 60000, moz:webdriverClick: true, moz:windowless: false, pageLoadStrategy: normal, platform: WINDOWS, platformName: WINDOWS, proxy: Proxy(), setWindowRect: true, strictFileInteractability: false, timeouts: {implicit: 0, pageLoad: 300000, script: 30000}, unhandledPromptBehavior: dismiss and notify}
Session ID: 99ac59e0-ae26-464c-a5e5-537b86374b75
*** Element info: {Using=xpath, value=//h3[@data-testid=&apos;thankYouCardTitle&apos;]}
	at java.base/jdk.internal.reflect.NativeConstructorAccessorImpl.newInstance0(Native Method)
	at java.base/jdk.internal.reflect.NativeConstructorAccessorImpl.newInstance(NativeConstructorAccessorImpl.java:77)
	at java.base/jdk.internal.reflect.DelegatingConstructorAccessorImpl.newInstance(DelegatingConstructorAccessorImpl.java:45)
	at java.base/java.lang.reflect.Constructor.newInstanceWithCaller(Constructor.java:499)
	at java.base/java.lang.reflect.Constructor.newInstance(Constructor.java:480)
	at org.openqa.selenium.remote.http.W3CHttpResponseCodec.createException(W3CHttpResponseCodec.java:187)
	at org.openqa.selenium.remote.http.W3CHttpResponseCodec.decode(W3CHttpResponseCodec.java:122)
	at org.openqa.selenium.remote.http.W3CHttpResponseCodec.decode(W3CHttpResponseCodec.java:49)
	at org.openqa.selenium.remote.HttpCommandExecutor.execute(HttpCommandExecutor.java:158)
	at org.openqa.selenium.remote.service.DriverCommandExecutor.execute(DriverCommandExecutor.java:83)
	at org.openqa.selenium.remote.RemoteWebDriver.execute(RemoteWebDriver.java:552)
	at org.openqa.selenium.remote.RemoteWebDriver.findElement(RemoteWebDriver.java:323)
	at org.openqa.selenium.remote.RemoteWebDriver.findElementByXPath(RemoteWebDriver.java:428)
	at org.openqa.selenium.By$ByXPath.findElement(By.java:353)
	at org.openqa.selenium.remote.RemoteWebDriver.findElement(RemoteWebDriver.java:315)
	at org.openqa.selenium.support.pagefactory.DefaultElementLocator.findElement(DefaultElementLocator.java:69)
	at org.openqa.selenium.support.pagefactory.internal.LocatingElementHandler.invoke(LocatingElementHandler.java:38)
	at jdk.proxy2/jdk.proxy2.$Proxy31.isDisplayed(Unknown Source)
	at org.pages.Regressionvalidationpage.isDisplayed(Regressionvalidationpage.java:109)
	at org.pages.Regressionvalidationpage.ServiceQuestion(Regressionvalidationpage.java:244)
	at org.pages.Regressionvalidationpage.brokercontactformgeneralfeedback(Regressionvalidationpage.java:327)
	at org.stepDefinitions.Regression_Testing_Feature_page.Validate_broker_contact_form_generalfeedback(Regression_Testing_Feature_page.java:90)
	at ✽.Validate broker contact form generalfeedback(file:///C:/Users/Bhuvaneshwari.T/Documents/QA%20Compentency/Beazely/Cypress%20Automation%20Conversion/Automation/BeazleyAutomation/src/test/resources/Regression/PageLoads.feature:40)
</pre></div><a href='#' onClick='toggleBox("stack-trace1270816977", this, "Click to show all stack frames", "Click to hide stack frames")'>Click to show all stack frames</a>
<div class='stack-trace' id='stack-trace1270816977'><pre>org.openqa.selenium.NoSuchElementException: Unable to locate element: //h3[@data-testid=&apos;thankYouCardTitle&apos;]
For documentation on this error, please visit: https://www.seleniumhq.org/exceptions/no_such_element.html
Build info: version: &apos;3.141.59&apos;, revision: &apos;e82be7d358&apos;, time: &apos;2018-11-14T08:17:03&apos;
System info: host: &apos;VSPLBLRLT0703&apos;, ip: &apos;192.168.1.5&apos;, os.name: &apos;Windows 10&apos;, os.arch: &apos;amd64&apos;, os.version: &apos;10.0&apos;, java.version: &apos;17.0.5&apos;
Driver info: org.openqa.selenium.firefox.FirefoxDriver
Capabilities {acceptInsecureCerts: true, browserName: firefox, browserVersion: 118.0.1, javascriptEnabled: true, moz:accessibilityChecks: false, moz:buildID: 20230927232528, moz:geckodriverVersion: 0.33.0, moz:headless: false, moz:platformVersion: 10.0, moz:processID: 1604, moz:profile: C:\Users\BHUVAN~1.T\AppData..., moz:shutdownTimeout: 60000, moz:webdriverClick: true, moz:windowless: false, pageLoadStrategy: normal, platform: WINDOWS, platformName: WINDOWS, proxy: Proxy(), setWindowRect: true, strictFileInteractability: false, timeouts: {implicit: 0, pageLoad: 300000, script: 30000}, unhandledPromptBehavior: dismiss and notify}
Session ID: 99ac59e0-ae26-464c-a5e5-537b86374b75
*** Element info: {Using=xpath, value=//h3[@data-testid=&apos;thankYouCardTitle&apos;]}
	at java.base/jdk.internal.reflect.NativeConstructorAccessorImpl.newInstance0(Native Method)
	at java.base/jdk.internal.reflect.NativeConstructorAccessorImpl.newInstance(NativeConstructorAccessorImpl.java:77)
	at java.base/jdk.internal.reflect.DelegatingConstructorAccessorImpl.newInstance(DelegatingConstructorAccessorImpl.java:45)
	at java.base/java.lang.reflect.Constructor.newInstanceWithCaller(Constructor.java:499)
	at java.base/java.lang.reflect.Constructor.newInstance(Constructor.java:480)
	at org.openqa.selenium.remote.http.W3CHttpResponseCodec.createException(W3CHttpResponseCodec.java:187)
	at org.openqa.selenium.remote.http.W3CHttpResponseCodec.decode(W3CHttpResponseCodec.java:122)
	at org.openqa.selenium.remote.http.W3CHttpResponseCodec.decode(W3CHttpResponseCodec.java:49)
	at org.openqa.selenium.remote.HttpCommandExecutor.execute(HttpCommandExecutor.java:158)
	at org.openqa.selenium.remote.service.DriverCommandExecutor.execute(DriverCommandExecutor.java:83)
	at org.openqa.selenium.remote.RemoteWebDriver.execute(RemoteWebDriver.java:552)
	at org.openqa.selenium.remote.RemoteWebDriver.findElement(RemoteWebDriver.java:323)
	at org.openqa.selenium.remote.RemoteWebDriver.findElementByXPath(RemoteWebDriver.java:428)
	at org.openqa.selenium.By$ByXPath.findElement(By.java:353)
	at org.openqa.selenium.remote.RemoteWebDriver.findElement(RemoteWebDriver.java:315)
	at org.openqa.selenium.support.pagefactory.DefaultElementLocator.findElement(DefaultElementLocator.java:69)
	at org.openqa.selenium.support.pagefactory.internal.LocatingElementHandler.invoke(LocatingElementHandler.java:38)
	at jdk.proxy2/jdk.proxy2.$Proxy31.isDisplayed(Unknown Source)
	at org.pages.Regressionvalidationpage.isDisplayed(Regressionvalidationpage.java:109)
	at org.pages.Regressionvalidationpage.ServiceQuestion(Regressionvalidationpage.java:244)
	at org.pages.Regressionvalidationpage.brokercontactformgeneralfeedback(Regressionvalidationpage.java:327)
	at org.stepDefinitions.Regression_Testing_Feature_page.Validate_broker_contact_form_generalfeedback(Regression_Testing_Feature_page.java:90)
	at ✽.Validate broker contact form generalfeedback(file:///C:/Users/Bhuvaneshwari.T/Documents/QA%20Compentency/Beazely/Cypress%20Automation%20Conversion/Automation/BeazleyAutomation/src/test/resources/Regression/PageLoads.feature:40)
</pre></div></td>
<td>133</td>
<td>org.testRunner.TestRunner@73eb439a</td></tr>
</table><p>
<table width='100%' border='1' class='invocation-passed'>
<tr><td colspan='4' align='center'><b>PASSED TESTS</b></td></tr>
<tr><td><b>Test method</b></td>
<td><b>Attribute(s)</b></td>
<td width="30%"><b>Exception</b></td>
<td width="10%"><b>Time (seconds)</b></td>
<td><b>Instance</b></td>
</tr>
<tr>
<td title='org.testRunner.TestRunner.runScenario()'><b>runScenario</b><br>Test class: org.testRunner.TestRunner<br>Test method: Runs Cucumber Scenarios<br>Parameters: "Verify Page Loaded Successfully.", "Regression Testing"</td>
<td></td>
<td>106</td>
<td>org.testRunner.TestRunner@73eb439a</td></tr>
<tr>
<td title='org.testRunner.TestRunner.runScenario()'><b>runScenario</b><br>Test class: org.testRunner.TestRunner<br>Test method: Runs Cucumber Scenarios<br>Parameters: "validate customer form cyberaccess 3rd party", "Regression Testing"</td>
<td></td>
<td>121</td>
<td>org.testRunner.TestRunner@73eb439a</td></tr>
<tr>
<td title='org.testRunner.TestRunner.runScenario()'><b>runScenario</b><br>Test class: org.testRunner.TestRunner<br>Test method: Runs Cucumber Scenarios<br>Parameters: "validate Footer Block", "Regression Testing"</td>
<td></td>
<td>848</td>
<td>org.testRunner.TestRunner@73eb439a</td></tr>
<tr>
<td title='org.testRunner.TestRunner.runScenario()'><b>runScenario</b><br>Test class: org.testRunner.TestRunner<br>Test method: Runs Cucumber Scenarios<br>Parameters: "Verify Page Loaded Successfully.", "Regression Testing"</td>
<td></td>
<td>98</td>
<td>org.testRunner.TestRunner@73eb439a</td></tr>
<tr>
<td title='org.testRunner.TestRunner.runScenario()'><b>runScenario</b><br>Test class: org.testRunner.TestRunner<br>Test method: Runs Cucumber Scenarios<br>Parameters: "Logo Component", "Testing_Footer_Component"</td>
<td></td>
<td>55</td>
<td>org.testRunner.TestRunner@73eb439a</td></tr>
<tr>
<td title='org.testRunner.TestRunner.runScenario()'><b>runScenario</b><br>Test class: org.testRunner.TestRunner<br>Test method: Runs Cucumber Scenarios<br>Parameters: "validate Header Block", "Regression Testing"</td>
<td></td>
<td>105</td>
<td>org.testRunner.TestRunner@73eb439a</td></tr>
<tr>
<td title='org.testRunner.TestRunner.runScenario()'><b>runScenario</b><br>Test class: org.testRunner.TestRunner<br>Test method: Runs Cucumber Scenarios<br>Parameters: "Verify Page Loaded Successfully.", "Regression Testing"</td>
<td></td>
<td>97</td>
<td>org.testRunner.TestRunner@73eb439a</td></tr>
<tr>
<td title='org.testRunner.TestRunner.runScenario()'><b>runScenario</b><br>Test class: org.testRunner.TestRunner<br>Test method: Runs Cucumber Scenarios<br>Parameters: "Verify Page Loaded Successfully.", "Regression Testing"</td>
<td></td>
<td>100</td>
<td>org.testRunner.TestRunner@73eb439a</td></tr>
<tr>
<td title='org.testRunner.TestRunner.runScenario()'><b>runScenario</b><br>Test class: org.testRunner.TestRunner<br>Test method: Runs Cucumber Scenarios<br>Parameters: "Testing_the_feature_for_image_block", "Testing_the_feature_for_image_block"</td>
<td></td>
<td>78</td>
<td>org.testRunner.TestRunner@73eb439a</td></tr>
<tr>
<td title='org.testRunner.TestRunner.runScenario()'><b>runScenario</b><br>Test class: org.testRunner.TestRunner<br>Test method: Runs Cucumber Scenarios<br>Parameters: "Verify Page Loaded Successfully.", "Regression Testing"</td>
<td></td>
<td>99</td>
<td>org.testRunner.TestRunner@73eb439a</td></tr>
<tr>
<td title='org.testRunner.TestRunner.runScenario()'><b>runScenario</b><br>Test class: org.testRunner.TestRunner<br>Test method: Runs Cucumber Scenarios<br>Parameters: "Verify Page Loaded Successfully.", "Regression Testing"</td>
<td></td>
<td>97</td>
<td>org.testRunner.TestRunner@73eb439a</td></tr>
<tr>
<td title='org.testRunner.TestRunner.runScenario()'><b>runScenario</b><br>Test class: org.testRunner.TestRunner<br>Test method: Runs Cucumber Scenarios<br>Parameters: "Verify Page Loaded Successfully.", "Regression Testing"</td>
<td></td>
<td>100</td>
<td>org.testRunner.TestRunner@73eb439a</td></tr>
<tr>
<td title='org.testRunner.TestRunner.runScenario()'><b>runScenario</b><br>Test class: org.testRunner.TestRunner<br>Test method: Runs Cucumber Scenarios<br>Parameters: "Testing Image Block Component", "Testing_Footer_Component"</td>
<td></td>
<td>76</td>
<td>org.testRunner.TestRunner@73eb439a</td></tr>
<tr>
<td title='org.testRunner.TestRunner.runScenario()'><b>runScenario</b><br>Test class: org.testRunner.TestRunner<br>Test method: Runs Cucumber Scenarios<br>Parameters: "Verify Page Loaded Successfully.", "Regression Testing"</td>
<td></td>
<td>102</td>
<td>org.testRunner.TestRunner@73eb439a</td></tr>
<tr>
<td title='org.testRunner.TestRunner.runScenario()'><b>runScenario</b><br>Test class: org.testRunner.TestRunner<br>Test method: Runs Cucumber Scenarios<br>Parameters: "Verify Page Loaded Successfully.", "Regression Testing"</td>
<td></td>
<td>99</td>
<td>org.testRunner.TestRunner@73eb439a</td></tr>
<tr>
<td title='org.testRunner.TestRunner.runScenario()'><b>runScenario</b><br>Test class: org.testRunner.TestRunner<br>Test method: Runs Cucumber Scenarios<br>Parameters: "validate customer contact form.", "Regression Testing"</td>
<td></td>
<td>56</td>
<td>org.testRunner.TestRunner@73eb439a</td></tr>
<tr>
<td title='org.testRunner.TestRunner.runScenario()'><b>runScenario</b><br>Test class: org.testRunner.TestRunner<br>Test method: Runs Cucumber Scenarios<br>Parameters: "Verify Page Loaded Successfully.", "Regression Testing"</td>
<td></td>
<td>55</td>
<td>org.testRunner.TestRunner@73eb439a</td></tr>
<tr>
<td title='org.testRunner.TestRunner.runScenario()'><b>runScenario</b><br>Test class: org.testRunner.TestRunner<br>Test method: Runs Cucumber Scenarios<br>Parameters: "validate document listing", "Regression Testing"</td>
<td></td>
<td>98</td>
<td>org.testRunner.TestRunner@73eb439a</td></tr>
<tr>
<td title='org.testRunner.TestRunner.runScenario()'><b>runScenario</b><br>Test class: org.testRunner.TestRunner<br>Test method: Runs Cucumber Scenarios<br>Parameters: "Verify Page Loaded Successfully.", "Regression Testing"</td>
<td></td>
<td>102</td>
<td>org.testRunner.TestRunner@73eb439a</td></tr>
<tr>
<td title='org.testRunner.TestRunner.runScenario()'><b>runScenario</b><br>Test class: org.testRunner.TestRunner<br>Test method: Runs Cucumber Scenarios<br>Parameters: "Verify Page Loaded Successfully.", "Regression Testing"</td>
<td></td>
<td>98</td>
<td>org.testRunner.TestRunner@73eb439a</td></tr>
<tr>
<td title='org.testRunner.TestRunner.runScenario()'><b>runScenario</b><br>Test class: org.testRunner.TestRunner<br>Test method: Runs Cucumber Scenarios<br>Parameters: "Verify Page Loaded Successfully.", "Regression Testing"</td>
<td></td>
<td>97</td>
<td>org.testRunner.TestRunner@73eb439a</td></tr>
<tr>
<td title='org.testRunner.TestRunner.runScenario()'><b>runScenario</b><br>Test class: org.testRunner.TestRunner<br>Test method: Runs Cucumber Scenarios<br>Parameters: "validate genericheroblock", "Regression Testing"</td>
<td></td>
<td>98</td>
<td>org.testRunner.TestRunner@73eb439a</td></tr>
<tr>
<td title='org.testRunner.TestRunner.runScenario()'><b>runScenario</b><br>Test class: org.testRunner.TestRunner<br>Test method: Runs Cucumber Scenarios<br>Parameters: "Verify Page Loaded Successfully.", "Regression Testing"</td>
<td></td>
<td>107</td>
<td>org.testRunner.TestRunner@73eb439a</td></tr>
<tr>
<td title='org.testRunner.TestRunner.runScenario()'><b>runScenario</b><br>Test class: org.testRunner.TestRunner<br>Test method: Runs Cucumber Scenarios<br>Parameters: "Header Component", "Testing_Footer_Component"</td>
<td></td>
<td>56</td>
<td>org.testRunner.TestRunner@73eb439a</td></tr>
<tr>
<td title='org.testRunner.TestRunner.runScenario()'><b>runScenario</b><br>Test class: org.testRunner.TestRunner<br>Test method: Runs Cucumber Scenarios<br>Parameters: "validate event information", "Regression Testing"</td>
<td></td>
<td>97</td>
<td>org.testRunner.TestRunner@73eb439a</td></tr>
<tr>
<td title='org.testRunner.TestRunner.runScenario()'><b>runScenario</b><br>Test class: org.testRunner.TestRunner<br>Test method: Runs Cucumber Scenarios<br>Parameters: "Verify broker contact form client services.", "Regression Testing"</td>
<td></td>
<td>106</td>
<td>org.testRunner.TestRunner@73eb439a</td></tr>
</table><p>
</body>
</html>