<?xml version="1.0" encoding="UTF-8"?>
<!-- Generated by org.testng.reporters.JUnitXMLReporter -->
<testsuite ignored="0" hostname="ORIXVSBLT0446" failures="5" tests="5" name="TestNg" time="3.332" errors="0" timestamp="04 Oct 2023 17:05:17 GMT">
  <testcase classname="io.cucumber.testng.AbstractTestNGCucumberTests" name="runScenario" time="0.442">
    <failure type="java.lang.NullPointerException" message="Cannot invoke &amp;quot;org.openqa.selenium.WebDriver.getTitle()&amp;quot; because &amp;quot;org.stepDefinitions.Testing_the_feature_for_application_selection_page.driver&amp;quot; is null">
      <![CDATA[java.lang.NullPointerException: Cannot invoke "org.openqa.selenium.WebDriver.getTitle()" because "org.stepDefinitions.Testing_the_feature_for_application_selection_page.driver" is null
	at org.stepDefinitions.Testing_the_feature_for_application_selection_page.user_need_to_be_on_Beazley_page(Testing_the_feature_for_application_selection_page.java:27)
	at ✽.User need to be on "" "Testing_the_feature_for_content_of_page"(file:///C:/Users/Dakshina.Moorthy/Desktop/Visionet/VOR/BeazleyAutomation/src/test/resources/beazleyDashboardPageFeatures/Testing_the_feature_for_content_of_page.feature:5)
]]>
    </failure>
  </testcase> <!-- runScenario -->
  <testcase classname="io.cucumber.testng.AbstractTestNGCucumberTests" name="runScenario" time="0.029">
    <failure type="java.lang.NullPointerException" message="Cannot invoke &amp;quot;org.openqa.selenium.WebDriver.getTitle()&amp;quot; because &amp;quot;org.stepDefinitions.Testing_the_feature_for_application_selection_page.driver&amp;quot; is null">
      <![CDATA[java.lang.NullPointerException: Cannot invoke "org.openqa.selenium.WebDriver.getTitle()" because "org.stepDefinitions.Testing_the_feature_for_application_selection_page.driver" is null
	at org.stepDefinitions.Testing_the_feature_for_application_selection_page.user_need_to_be_on_Beazley_page(Testing_the_feature_for_application_selection_page.java:27)
	at ✽.User need to be on "" "Testing_the_feature_for_dashboard_page"(file:///C:/Users/Dakshina.Moorthy/Desktop/Visionet/VOR/BeazleyAutomation/src/test/resources/beazleyDashboardPageFeatures/Testing_the_feature_for_dashboard_page.feature:5)
]]>
    </failure>
  </testcase> <!-- runScenario -->
  <testcase classname="io.cucumber.testng.AbstractTestNGCucumberTests" name="runScenario" time="0.035">
    <failure type="java.lang.NullPointerException" message="Cannot invoke &amp;quot;org.openqa.selenium.WebDriver.getTitle()&amp;quot; because &amp;quot;org.stepDefinitions.Testing_the_feature_for_application_selection_page.driver&amp;quot; is null">
      <![CDATA[java.lang.NullPointerException: Cannot invoke "org.openqa.selenium.WebDriver.getTitle()" because "org.stepDefinitions.Testing_the_feature_for_application_selection_page.driver" is null
	at org.stepDefinitions.Testing_the_feature_for_application_selection_page.user_need_to_be_on_Beazley_page(Testing_the_feature_for_application_selection_page.java:27)
	at ✽.User need to be on "" "Testing_the_feature_for_risk_score_indicator"(file:///C:/Users/Dakshina.Moorthy/Desktop/Visionet/VOR/BeazleyAutomation/src/test/resources/beazleyDashboardPageFeatures/Testing_the_feature_for_risk_score_indicator.feature:5)
]]>
    </failure>
  </testcase> <!-- runScenario -->
  <testcase classname="io.cucumber.testng.AbstractTestNGCucumberTests" name="runScenario" time="0.024">
    <failure type="java.lang.NullPointerException" message="Cannot invoke &amp;quot;org.openqa.selenium.WebDriver.getTitle()&amp;quot; because &amp;quot;org.stepDefinitions.Testing_the_feature_for_application_selection_page.driver&amp;quot; is null">
      <![CDATA[java.lang.NullPointerException: Cannot invoke "org.openqa.selenium.WebDriver.getTitle()" because "org.stepDefinitions.Testing_the_feature_for_application_selection_page.driver" is null
	at org.stepDefinitions.Testing_the_feature_for_application_selection_page.user_need_to_be_on_Beazley_page(Testing_the_feature_for_application_selection_page.java:27)
	at ✽.User need to be on "" "Testing_the_feature_for_view_of_risk"(file:///C:/Users/Dakshina.Moorthy/Desktop/Visionet/VOR/BeazleyAutomation/src/test/resources/beazleyDashboardPageFeatures/Testing_the_feature_for_view_of_risk.feature:5)
]]>
    </failure>
  </testcase> <!-- runScenario -->
  <testcase classname="io.cucumber.testng.AbstractTestNGCucumberTests" name="runScenario" time="0.023">
    <failure type="java.lang.NullPointerException" message="Cannot invoke &amp;quot;org.openqa.selenium.WebDriver.getTitle()&amp;quot; because &amp;quot;org.stepDefinitions.Testing_the_feature_for_application_selection_page.driver&amp;quot; is null">
      <![CDATA[java.lang.NullPointerException: Cannot invoke "org.openqa.selenium.WebDriver.getTitle()" because "org.stepDefinitions.Testing_the_feature_for_application_selection_page.driver" is null
	at org.stepDefinitions.Testing_the_feature_for_application_selection_page.user_need_to_be_on_Beazley_page(Testing_the_feature_for_application_selection_page.java:27)
	at ✽.User need to be on "" "Testing_the_navigation_in_dashboard_page"(file:///C:/Users/Dakshina.Moorthy/Desktop/Visionet/VOR/BeazleyAutomation/src/test/resources/beazleyDashboardPageFeatures/Testing_the_navigation_in_dashboard_page.feature:5)
]]>
    </failure>
  </testcase> <!-- runScenario -->
</testsuite> <!-- TestNg -->
