<html>
<head>
<title>TestNG:  TestNg</title>
<link href="../testng.css" rel="stylesheet" type="text/css" />
<link href="../my-testng.css" rel="stylesheet" type="text/css" />

<style type="text/css">
.log { display: none;} 
.stack-trace { display: none;} 
</style>
<script type="text/javascript">
<!--
function flip(e) {
  current = e.style.display;
  if (current == 'block') {
    e.style.display = 'none';
    return 0;
  }
  else {
    e.style.display = 'block';
    return 1;
  }
}

function toggleBox(szDivId, elem, msg1, msg2)
{
  var res = -1;  if (document.getElementById) {
    res = flip(document.getElementById(szDivId));
  }
  else if (document.all) {
    // this is the way old msie versions work
    res = flip(document.all[szDivId]);
  }
  if(elem) {
    if(res == 0) elem.innerHTML = msg1; else elem.innerHTML = msg2;
  }

}

function toggleAllBoxes() {
  if (document.getElementsByTagName) {
    d = document.getElementsByTagName('div');
    for (i = 0; i < d.length; i++) {
      if (d[i].className == 'log') {
        flip(d[i]);
      }
    }
  }
}

// -->
</script>

</head>
<body>
<h2 align='center'>TestNg</h2><table border='1' align="center">
<tr>
<td>Tests passed/Failed/Skipped:</td><td>0/5/0</td>
</tr><tr>
<td>Started on:</td><td>Wed Oct 04 22:35:14 IST 2023</td>
</tr>
<tr><td>Total time:</td><td>3 seconds (3332 ms)</td>
</tr><tr>
<td>Included groups:</td><td></td>
</tr><tr>
<td>Excluded groups:</td><td></td>
</tr>
</table><p/>
<small><i>(Hover the method name to see the test class name)</i></small><p/>
<table width='100%' border='1' class='invocation-failed'>
<tr><td colspan='4' align='center'><b>FAILED TESTS</b></td></tr>
<tr><td><b>Test method</b></td>
<td width="30%"><b>Exception</b></td>
<td width="10%"><b>Time (seconds)</b></td>
<td><b>Instance</b></td>
</tr>
<tr>
<td title='org.testRunner.RunCucumberTest.runScenario()'><b>runScenario</b><br>Test class: org.testRunner.RunCucumberTest<br>Test method: Runs Cucumber Scenarios<br>Parameters: "Testing_the_feature_for_content_of_page", "Testing_the_feature_for_content_of_page"</td>
<td><div><pre>java.lang.NullPointerException: Cannot invoke &quot;org.openqa.selenium.WebDriver.getTitle()&quot; because &quot;org.stepDefinitions.Testing_the_feature_for_application_selection_page.driver&quot; is null
	at org.stepDefinitions.Testing_the_feature_for_application_selection_page.user_need_to_be_on_Beazley_page(Testing_the_feature_for_application_selection_page.java:27)
	at ✽.User need to be on &quot;&quot; &quot;Testing_the_feature_for_content_of_page&quot;(file:///C:/Users/Dakshina.Moorthy/Desktop/Visionet/VOR/BeazleyAutomation/src/test/resources/beazleyDashboardPageFeatures/Testing_the_feature_for_content_of_page.feature:5)
</pre></div><a href='#' onClick='toggleBox("stack-trace1564629011", this, "Click to show all stack frames", "Click to hide stack frames")'>Click to show all stack frames</a>
<div class='stack-trace' id='stack-trace1564629011'><pre>java.lang.NullPointerException: Cannot invoke &quot;org.openqa.selenium.WebDriver.getTitle()&quot; because &quot;org.stepDefinitions.Testing_the_feature_for_application_selection_page.driver&quot; is null
	at org.stepDefinitions.Testing_the_feature_for_application_selection_page.user_need_to_be_on_Beazley_page(Testing_the_feature_for_application_selection_page.java:27)
	at ✽.User need to be on &quot;&quot; &quot;Testing_the_feature_for_content_of_page&quot;(file:///C:/Users/Dakshina.Moorthy/Desktop/Visionet/VOR/BeazleyAutomation/src/test/resources/beazleyDashboardPageFeatures/Testing_the_feature_for_content_of_page.feature:5)
</pre></div></td>
<td>0</td>
<td>org.testRunner.RunCucumberTest@2dde1bff</td></tr>
<tr>
<td title='org.testRunner.RunCucumberTest.runScenario()'><b>runScenario</b><br>Test class: org.testRunner.RunCucumberTest<br>Test method: Runs Cucumber Scenarios<br>Parameters: "Testing_the_feature_for_dashboard_page", "Testing_the_feature_for_dashboard_page"</td>
<td><div><pre>java.lang.NullPointerException: Cannot invoke &quot;org.openqa.selenium.WebDriver.getTitle()&quot; because &quot;org.stepDefinitions.Testing_the_feature_for_application_selection_page.driver&quot; is null
	at org.stepDefinitions.Testing_the_feature_for_application_selection_page.user_need_to_be_on_Beazley_page(Testing_the_feature_for_application_selection_page.java:27)
	at ✽.User need to be on &quot;&quot; &quot;Testing_the_feature_for_dashboard_page&quot;(file:///C:/Users/Dakshina.Moorthy/Desktop/Visionet/VOR/BeazleyAutomation/src/test/resources/beazleyDashboardPageFeatures/Testing_the_feature_for_dashboard_page.feature:5)
</pre></div><a href='#' onClick='toggleBox("stack-trace268490061", this, "Click to show all stack frames", "Click to hide stack frames")'>Click to show all stack frames</a>
<div class='stack-trace' id='stack-trace268490061'><pre>java.lang.NullPointerException: Cannot invoke &quot;org.openqa.selenium.WebDriver.getTitle()&quot; because &quot;org.stepDefinitions.Testing_the_feature_for_application_selection_page.driver&quot; is null
	at org.stepDefinitions.Testing_the_feature_for_application_selection_page.user_need_to_be_on_Beazley_page(Testing_the_feature_for_application_selection_page.java:27)
	at ✽.User need to be on &quot;&quot; &quot;Testing_the_feature_for_dashboard_page&quot;(file:///C:/Users/Dakshina.Moorthy/Desktop/Visionet/VOR/BeazleyAutomation/src/test/resources/beazleyDashboardPageFeatures/Testing_the_feature_for_dashboard_page.feature:5)
</pre></div></td>
<td>0</td>
<td>org.testRunner.RunCucumberTest@2dde1bff</td></tr>
<tr>
<td title='org.testRunner.RunCucumberTest.runScenario()'><b>runScenario</b><br>Test class: org.testRunner.RunCucumberTest<br>Test method: Runs Cucumber Scenarios<br>Parameters: "Testing_the_feature_for_risk_score_indicator", "Testing_the_feature_for_risk_score_indicator"</td>
<td><div><pre>java.lang.NullPointerException: Cannot invoke &quot;org.openqa.selenium.WebDriver.getTitle()&quot; because &quot;org.stepDefinitions.Testing_the_feature_for_application_selection_page.driver&quot; is null
	at org.stepDefinitions.Testing_the_feature_for_application_selection_page.user_need_to_be_on_Beazley_page(Testing_the_feature_for_application_selection_page.java:27)
	at ✽.User need to be on &quot;&quot; &quot;Testing_the_feature_for_risk_score_indicator&quot;(file:///C:/Users/Dakshina.Moorthy/Desktop/Visionet/VOR/BeazleyAutomation/src/test/resources/beazleyDashboardPageFeatures/Testing_the_feature_for_risk_score_indicator.feature:5)
</pre></div><a href='#' onClick='toggleBox("stack-trace1240230559", this, "Click to show all stack frames", "Click to hide stack frames")'>Click to show all stack frames</a>
<div class='stack-trace' id='stack-trace1240230559'><pre>java.lang.NullPointerException: Cannot invoke &quot;org.openqa.selenium.WebDriver.getTitle()&quot; because &quot;org.stepDefinitions.Testing_the_feature_for_application_selection_page.driver&quot; is null
	at org.stepDefinitions.Testing_the_feature_for_application_selection_page.user_need_to_be_on_Beazley_page(Testing_the_feature_for_application_selection_page.java:27)
	at ✽.User need to be on &quot;&quot; &quot;Testing_the_feature_for_risk_score_indicator&quot;(file:///C:/Users/Dakshina.Moorthy/Desktop/Visionet/VOR/BeazleyAutomation/src/test/resources/beazleyDashboardPageFeatures/Testing_the_feature_for_risk_score_indicator.feature:5)
</pre></div></td>
<td>0</td>
<td>org.testRunner.RunCucumberTest@2dde1bff</td></tr>
<tr>
<td title='org.testRunner.RunCucumberTest.runScenario()'><b>runScenario</b><br>Test class: org.testRunner.RunCucumberTest<br>Test method: Runs Cucumber Scenarios<br>Parameters: "Testing_the_feature_for_view_of_risk", "Testing_the_feature_for_view_of_risk"</td>
<td><div><pre>java.lang.NullPointerException: Cannot invoke &quot;org.openqa.selenium.WebDriver.getTitle()&quot; because &quot;org.stepDefinitions.Testing_the_feature_for_application_selection_page.driver&quot; is null
	at org.stepDefinitions.Testing_the_feature_for_application_selection_page.user_need_to_be_on_Beazley_page(Testing_the_feature_for_application_selection_page.java:27)
	at ✽.User need to be on &quot;&quot; &quot;Testing_the_feature_for_view_of_risk&quot;(file:///C:/Users/Dakshina.Moorthy/Desktop/Visionet/VOR/BeazleyAutomation/src/test/resources/beazleyDashboardPageFeatures/Testing_the_feature_for_view_of_risk.feature:5)
</pre></div><a href='#' onClick='toggleBox("stack-trace1602069459", this, "Click to show all stack frames", "Click to hide stack frames")'>Click to show all stack frames</a>
<div class='stack-trace' id='stack-trace1602069459'><pre>java.lang.NullPointerException: Cannot invoke &quot;org.openqa.selenium.WebDriver.getTitle()&quot; because &quot;org.stepDefinitions.Testing_the_feature_for_application_selection_page.driver&quot; is null
	at org.stepDefinitions.Testing_the_feature_for_application_selection_page.user_need_to_be_on_Beazley_page(Testing_the_feature_for_application_selection_page.java:27)
	at ✽.User need to be on &quot;&quot; &quot;Testing_the_feature_for_view_of_risk&quot;(file:///C:/Users/Dakshina.Moorthy/Desktop/Visionet/VOR/BeazleyAutomation/src/test/resources/beazleyDashboardPageFeatures/Testing_the_feature_for_view_of_risk.feature:5)
</pre></div></td>
<td>0</td>
<td>org.testRunner.RunCucumberTest@2dde1bff</td></tr>
<tr>
<td title='org.testRunner.RunCucumberTest.runScenario()'><b>runScenario</b><br>Test class: org.testRunner.RunCucumberTest<br>Test method: Runs Cucumber Scenarios<br>Parameters: "Testing_the_navigation_in_dashboard_page", "Testing_the_navigation_in_dashboard_page"</td>
<td><div><pre>java.lang.NullPointerException: Cannot invoke &quot;org.openqa.selenium.WebDriver.getTitle()&quot; because &quot;org.stepDefinitions.Testing_the_feature_for_application_selection_page.driver&quot; is null
	at org.stepDefinitions.Testing_the_feature_for_application_selection_page.user_need_to_be_on_Beazley_page(Testing_the_feature_for_application_selection_page.java:27)
	at ✽.User need to be on &quot;&quot; &quot;Testing_the_navigation_in_dashboard_page&quot;(file:///C:/Users/Dakshina.Moorthy/Desktop/Visionet/VOR/BeazleyAutomation/src/test/resources/beazleyDashboardPageFeatures/Testing_the_navigation_in_dashboard_page.feature:5)
</pre></div><a href='#' onClick='toggleBox("stack-trace975354582", this, "Click to show all stack frames", "Click to hide stack frames")'>Click to show all stack frames</a>
<div class='stack-trace' id='stack-trace975354582'><pre>java.lang.NullPointerException: Cannot invoke &quot;org.openqa.selenium.WebDriver.getTitle()&quot; because &quot;org.stepDefinitions.Testing_the_feature_for_application_selection_page.driver&quot; is null
	at org.stepDefinitions.Testing_the_feature_for_application_selection_page.user_need_to_be_on_Beazley_page(Testing_the_feature_for_application_selection_page.java:27)
	at ✽.User need to be on &quot;&quot; &quot;Testing_the_navigation_in_dashboard_page&quot;(file:///C:/Users/Dakshina.Moorthy/Desktop/Visionet/VOR/BeazleyAutomation/src/test/resources/beazleyDashboardPageFeatures/Testing_the_navigation_in_dashboard_page.feature:5)
</pre></div></td>
<td>0</td>
<td>org.testRunner.RunCucumberTest@2dde1bff</td></tr>
</table><p>
</body>
</html>