<?xml version="1.0" encoding="UTF-8"?>
<!-- Generated by org.testng.reporters.JUnitReportReporter -->
<testsuite hostname="ORIXVSBLT0446" failures="0" tests="5" name="org.testRunner.RunCucumberTest" time="0.553" errors="5" timestamp="04 Oct 2023 17:05:17 GMT" skipped="0">
  <testcase classname="org.testRunner.RunCucumberTest" name="runScenario" time="0.442">
    <error message="Cannot invoke &quot;org.openqa.selenium.WebDriver.getTitle()&quot; because &quot;org.stepDefinitions.Testing_the_feature_for_application_selection_page.driver&quot; is null" type="java.lang.NullPointerException">
      <![CDATA[java.lang.NullPointerException: Cannot invoke "org.openqa.selenium.WebDriver.getTitle()" because "org.stepDefinitions.Testing_the_feature_for_application_selection_page.driver" is null
	at org.stepDefinitions.Testing_the_feature_for_application_selection_page.user_need_to_be_on_Beazley_page(Testing_the_feature_for_application_selection_page.java:27)
	at ✽.User need to be on "" "Testing_the_feature_for_content_of_page"(file:///C:/Users/Dakshina.Moorthy/Desktop/Visionet/VOR/BeazleyAutomation/src/test/resources/beazleyDashboardPageFeatures/Testing_the_feature_for_content_of_page.feature:5)
]]>
    </error>
  </testcase> <!-- runScenario -->
  <testcase classname="org.testRunner.RunCucumberTest" name="runScenario" time="0.035">
    <error message="Cannot invoke &quot;org.openqa.selenium.WebDriver.getTitle()&quot; because &quot;org.stepDefinitions.Testing_the_feature_for_application_selection_page.driver&quot; is null" type="java.lang.NullPointerException">
      <![CDATA[java.lang.NullPointerException: Cannot invoke "org.openqa.selenium.WebDriver.getTitle()" because "org.stepDefinitions.Testing_the_feature_for_application_selection_page.driver" is null
	at org.stepDefinitions.Testing_the_feature_for_application_selection_page.user_need_to_be_on_Beazley_page(Testing_the_feature_for_application_selection_page.java:27)
	at ✽.User need to be on "" "Testing_the_feature_for_risk_score_indicator"(file:///C:/Users/Dakshina.Moorthy/Desktop/Visionet/VOR/BeazleyAutomation/src/test/resources/beazleyDashboardPageFeatures/Testing_the_feature_for_risk_score_indicator.feature:5)
]]>
    </error>
  </testcase> <!-- runScenario -->
  <testcase classname="org.testRunner.RunCucumberTest" name="runScenario" time="0.023">
    <error message="Cannot invoke &quot;org.openqa.selenium.WebDriver.getTitle()&quot; because &quot;org.stepDefinitions.Testing_the_feature_for_application_selection_page.driver&quot; is null" type="java.lang.NullPointerException">
      <![CDATA[java.lang.NullPointerException: Cannot invoke "org.openqa.selenium.WebDriver.getTitle()" because "org.stepDefinitions.Testing_the_feature_for_application_selection_page.driver" is null
	at org.stepDefinitions.Testing_the_feature_for_application_selection_page.user_need_to_be_on_Beazley_page(Testing_the_feature_for_application_selection_page.java:27)
	at ✽.User need to be on "" "Testing_the_navigation_in_dashboard_page"(file:///C:/Users/Dakshina.Moorthy/Desktop/Visionet/VOR/BeazleyAutomation/src/test/resources/beazleyDashboardPageFeatures/Testing_the_navigation_in_dashboard_page.feature:5)
]]>
    </error>
  </testcase> <!-- runScenario -->
  <testcase classname="org.testRunner.RunCucumberTest" name="runScenario" time="0.029">
    <error message="Cannot invoke &quot;org.openqa.selenium.WebDriver.getTitle()&quot; because &quot;org.stepDefinitions.Testing_the_feature_for_application_selection_page.driver&quot; is null" type="java.lang.NullPointerException">
      <![CDATA[java.lang.NullPointerException: Cannot invoke "org.openqa.selenium.WebDriver.getTitle()" because "org.stepDefinitions.Testing_the_feature_for_application_selection_page.driver" is null
	at org.stepDefinitions.Testing_the_feature_for_application_selection_page.user_need_to_be_on_Beazley_page(Testing_the_feature_for_application_selection_page.java:27)
	at ✽.User need to be on "" "Testing_the_feature_for_dashboard_page"(file:///C:/Users/Dakshina.Moorthy/Desktop/Visionet/VOR/BeazleyAutomation/src/test/resources/beazleyDashboardPageFeatures/Testing_the_feature_for_dashboard_page.feature:5)
]]>
    </error>
  </testcase> <!-- runScenario -->
  <testcase classname="org.testRunner.RunCucumberTest" name="runScenario" time="0.024">
    <error message="Cannot invoke &quot;org.openqa.selenium.WebDriver.getTitle()&quot; because &quot;org.stepDefinitions.Testing_the_feature_for_application_selection_page.driver&quot; is null" type="java.lang.NullPointerException">
      <![CDATA[java.lang.NullPointerException: Cannot invoke "org.openqa.selenium.WebDriver.getTitle()" because "org.stepDefinitions.Testing_the_feature_for_application_selection_page.driver" is null
	at org.stepDefinitions.Testing_the_feature_for_application_selection_page.user_need_to_be_on_Beazley_page(Testing_the_feature_for_application_selection_page.java:27)
	at ✽.User need to be on "" "Testing_the_feature_for_view_of_risk"(file:///C:/Users/Dakshina.Moorthy/Desktop/Visionet/VOR/BeazleyAutomation/src/test/resources/beazleyDashboardPageFeatures/Testing_the_feature_for_view_of_risk.feature:5)
]]>
    </error>
  </testcase> <!-- runScenario -->
</testsuite> <!-- org.testRunner.RunCucumberTest -->
